-------------------------------------------------------------------------------
Test set: com.prueba.CalculadoraTest
-------------------------------------------------------------------------------
Tests run: 4, Failures: 1, Errors: 0, Skipped: 0, Time elapsed: 0.085 s <<< FAILURE! - in com.prueba.CalculadoraTest
testDividir  Time elapsed: 0.012 s  <<< FAILURE!
org.opentest4j.AssertionFailedError: La división de 0 por 2 debería ser 0 ==> expected: <0> but was: <-2>
	at com.prueba.CalculadoraTest.testDividir(CalculadoraTest.java:37)

